<?xml version="1.0" encoding="UTF-8"?>
<!-- Generated by org.testng.reporters.JUnitReportReporter -->
<testsuite hostname="TeamOs-PC" failures="0" tests="1" name="VMS_Automation_TestCase_Pages.LoginTestCase" time="12.145" errors="0" timestamp="2023-07-04T09:05:17 BDT" skipped="0">
  <testcase classname="VMS_Automation_TestCase_Pages.LoginTestCase" name="verfiyLoginWithvalidCredentials" time="12.145"/>
  <system-out/>
</testsuite> <!-- VMS_Automation_TestCase_Pages.LoginTestCase -->
