<?xml version="1.0" encoding="UTF-8"?>
<!-- Generated by org.testng.reporters.JUnitReportReporter -->
<testsuite hostname="TeamOs-PC" failures="0" tests="1" name="AllTestCasesForEachPagesOfReportModule.TestCase_Of_GeneralReport" time="48.091" errors="0" timestamp="2024-07-27T10:14:20 BDT" skipped="0">
  <testcase classname="AllTestCasesForEachPagesOfReportModule.TestCase_Of_GeneralReport" name="VerifyUselessProductWastageMushak4Point5ReportFile" time="48.091"/>
  <system-out/>
</testsuite> <!-- AllTestCasesForEachPagesOfReportModule.TestCase_Of_GeneralReport -->
