<?xml version="1.0" encoding="UTF-8"?>
<!-- Generated by org.testng.reporters.JUnitReportReporter -->
<testsuite hostname="TeamOs-PC" failures="0" tests="1" name="AllTestCasesForEachPagesOfReportModule.TestCase_Of_MISReports" time="57.721" errors="0" timestamp="2024-08-06T12:29:59 BDT" skipped="0">
  <testcase classname="AllTestCasesForEachPagesOfReportModule.TestCase_Of_MISReports" name="VerifyInputOutputCoefficientReportFile" time="57.721"/>
  <system-out/>
</testsuite> <!-- AllTestCasesForEachPagesOfReportModule.TestCase_Of_MISReports -->
