<?xml version="1.0" encoding="UTF-8"?>
<!-- Generated by org.testng.reporters.JUnitReportReporter -->
<testsuite hostname="TeamOs-PC" failures="0" tests="1" name="TestCase_For_UselessWastageProductPage.TestCase_Of_UselessWastageProductPage" time="33.977" errors="0" timestamp="2024-05-18T11:41:49 BDT" skipped="0">
  <testcase classname="TestCase_For_UselessWastageProductPage.TestCase_Of_UselessWastageProductPage" name="VerifyPdfFileInfo" time="33.977"/>
  <system-out/>
</testsuite> <!-- TestCase_For_UselessWastageProductPage.TestCase_Of_UselessWastageProductPage -->
