<?xml version="1.0" encoding="UTF-8"?>
<!-- Generated by org.testng.reporters.JUnitReportReporter -->
<testsuite hostname="TeamOs-PC" failures="0" tests="1" name="AllTestCasesForEachPagesOfReportModule.TestCase_Of_VatRebateReport" time="33.326" errors="0" timestamp="2024-06-25T14:28:51 BDT" skipped="0">
  <testcase classname="AllTestCasesForEachPagesOfReportModule.TestCase_Of_VatRebateReport" name="VerifyMushak4Point4OfUselessRawAndPackingMaterialReportFile" time="33.326"/>
  <system-out/>
</testsuite> <!-- AllTestCasesForEachPagesOfReportModule.TestCase_Of_VatRebateReport -->
