<?xml version="1.0" encoding="UTF-8"?>
<!-- Generated by org.testng.reporters.JUnitReportReporter -->
<testsuite hostname="TeamOs-PC" failures="0" tests="1" name="TestCase_For_BatchSetUp.TestCase_Of_BatchSetUp" time="20.642" errors="0" timestamp="2024-04-28T11:22:43 BDT" skipped="0">
  <testcase classname="TestCase_For_BatchSetUp.TestCase_Of_BatchSetUp" name="VerifyConfirmOkDeleteBatchInfo" time="20.642"/>
  <system-out/>
</testsuite> <!-- TestCase_For_BatchSetUp.TestCase_Of_BatchSetUp -->
