<?xml version="1.0" encoding="UTF-8"?>
<!-- Generated by org.testng.reporters.JUnitReportReporter -->
<testsuite hostname="TeamOs-PC" failures="0" tests="1" name="TestCase_For_UselessWastageRawOrPackingMaterialsPage.TestCase_Of_UselessWastageRawOrPackingMaterialsPage" time="77.679" errors="0" timestamp="2024-05-18T09:56:14 BDT" skipped="0">
  <testcase classname="TestCase_For_UselessWastageRawOrPackingMaterialsPage.TestCase_Of_UselessWastageRawOrPackingMaterialsPage" name="VerifyPDFFileByClickingReportBtn" time="77.679"/>
  <system-out/>
</testsuite> <!-- TestCase_For_UselessWastageRawOrPackingMaterialsPage.TestCase_Of_UselessWastageRawOrPackingMaterialsPage -->
