<?xml version="1.0" encoding="UTF-8"?>
<!-- Generated by org.testng.reporters.JUnitReportReporter -->
<testsuite hostname="TeamOs-PC" failures="0" tests="1" name="TestCase_For_MiscellaneousAdjustmentPage.TestCase_Of_MiscellaneousAdjustmentPage" time="58.070" errors="0" timestamp="2024-05-07T16:17:51 BDT" skipped="0">
  <testcase classname="TestCase_For_MiscellaneousAdjustmentPage.TestCase_Of_MiscellaneousAdjustmentPage" name="VerifyMiscellaneousInfoSavingAndEditing" time="58.070"/>
  <system-out/>
</testsuite> <!-- TestCase_For_MiscellaneousAdjustmentPage.TestCase_Of_MiscellaneousAdjustmentPage -->
