<?xml version="1.0" encoding="UTF-8"?>
<!-- Generated by org.testng.reporters.JUnitReportReporter -->
<testsuite hostname="TeamOs-PC" failures="0" tests="4" name="TestCase_For_OpeningBalancePage.LoginTestCase" time="52.216" errors="0" timestamp="2023-08-03T09:33:24 BDT" skipped="0">
  <testcase classname="TestCase_For_OpeningBalancePage.LoginTestCase" name="verfiyLoginWithvalidCredentials" time="14.971"/>
  <system-out/>
  <testcase classname="TestCase_For_OpeningBalancePage.LoginTestCase" name="verifyLoginWithInvalidCredentials" time="10.786"/>
  <system-out/>
  <testcase classname="TestCase_For_OpeningBalancePage.LoginTestCase" name="verifyLoginWithInvalidCredentials" time="16.663"/>
  <system-out/>
  <testcase classname="TestCase_For_OpeningBalancePage.LoginTestCase" name="verifyLoginWithEmptyCredentials" time="9.796"/>
  <system-out/>
</testsuite> <!-- TestCase_For_OpeningBalancePage.LoginTestCase -->
