<?xml version="1.0" encoding="UTF-8"?>
<!-- Generated by org.testng.reporters.JUnitReportReporter -->
<testsuite hostname="TeamOs-PC" failures="0" tests="1" name="TestCase_For_TreasuryChallanPage.TestCase_Of_TreasuryChallanPage" time="26.643" errors="0" timestamp="2024-05-12T09:38:00 BDT" skipped="0">
  <testcase classname="TestCase_For_TreasuryChallanPage.TestCase_Of_TreasuryChallanPage" name="VerifyCancelingTreasuryChallanInfoInEditPage" time="26.643"/>
  <system-out/>
</testsuite> <!-- TestCase_For_TreasuryChallanPage.TestCase_Of_TreasuryChallanPage -->
