<?xml version="1.0" encoding="UTF-8"?>
<!-- Generated by org.testng.reporters.JUnitReportReporter -->
<testsuite hostname="TeamOs-PC" failures="0" tests="7" name="TestCase_For_FinishGoodsReceivePage.TestCase_Of_FinishGoodsReceive" time="172.174" errors="0" timestamp="2024-04-30T09:13:48 BDT" skipped="0">
  <testcase classname="TestCase_For_FinishGoodsReceivePage.TestCase_Of_FinishGoodsReceive" name="VerifySavingFinishGoodsReceive" time="34.961"/>
  <system-out/>
  <testcase classname="TestCase_For_FinishGoodsReceivePage.TestCase_Of_FinishGoodsReceive" name="VerifyRequiredField" time="21.179"/>
  <system-out/>
  <testcase classname="TestCase_For_FinishGoodsReceivePage.TestCase_Of_FinishGoodsReceive" name="VerifyQtyRcvValueEdit" time="29.198"/>
  <system-out/>
  <testcase classname="TestCase_For_FinishGoodsReceivePage.TestCase_Of_FinishGoodsReceive" name="VerifyItemInfoDelete" time="27.218"/>
  <system-out/>
  <testcase classname="TestCase_For_FinishGoodsReceivePage.TestCase_Of_FinishGoodsReceive" name="VerifyFGTRequiredField" time="20.634"/>
  <system-out/>
  <testcase classname="TestCase_For_FinishGoodsReceivePage.TestCase_Of_FinishGoodsReceive" name="VerifyRcvRequiredField" time="21.062"/>
  <system-out/>
  <testcase classname="TestCase_For_FinishGoodsReceivePage.TestCase_Of_FinishGoodsReceive" name="VerifySearchingInfo" time="17.922"/>
  <system-out/>
</testsuite> <!-- TestCase_For_FinishGoodsReceivePage.TestCase_Of_FinishGoodsReceive -->
