<?xml version="1.0" encoding="UTF-8"?>
<!-- Generated by org.testng.reporters.JUnitReportReporter -->
<testsuite hostname="TeamOs-PC" failures="0" tests="1" name="VMS_Automation_TestCase_Pages.HomePageTestCase" time="22.918" errors="0" timestamp="2023-07-04T09:03:59 BDT" skipped="0">
  <testcase classname="VMS_Automation_TestCase_Pages.HomePageTestCase" name="VerifyNavigateToOpeningBalancePage" time="22.918"/>
  <system-out/>
</testsuite> <!-- VMS_Automation_TestCase_Pages.HomePageTestCase -->
