<?xml version="1.0" encoding="UTF-8"?>
<!-- Generated by org.testng.reporters.JUnitReportReporter -->
<testsuite hostname="TeamOs-PC" failures="0" tests="1" name="TestCase_For_PurchaseReturnPage.TestCase_Of_PurchaseReturnPage" time="43.445" errors="0" timestamp="2024-04-17T16:48:17 BDT" skipped="0">
  <testcase classname="TestCase_For_PurchaseReturnPage.TestCase_Of_PurchaseReturnPage" name="VerifyPrintReportFileOfPurchaseReturnPage" time="43.445"/>
  <system-out/>
</testsuite> <!-- TestCase_For_PurchaseReturnPage.TestCase_Of_PurchaseReturnPage -->
