<?xml version="1.0" encoding="UTF-8"?>
<!-- Generated by org.testng.reporters.JUnitReportReporter -->
<testsuite hostname="TeamOs-PC" failures="0" tests="1" name="TestCase_For_OpeningBalancePage.HomePageTestCase" time="24.391" errors="0" timestamp="2023-08-03T09:40:53 BDT" skipped="0">
  <testcase classname="TestCase_For_OpeningBalancePage.HomePageTestCase" name="VerifyNavigateToOpeningBalancePage" time="24.391"/>
  <system-out/>
</testsuite> <!-- TestCase_For_OpeningBalancePage.HomePageTestCase -->
