<?xml version="1.0" encoding="UTF-8"?>
<!-- Generated by org.testng.reporters.JUnitReportReporter -->
<testsuite hostname="TeamOs-PC" failures="0" tests="1" name="TestCase_For_InputOutputCoefficient.TestCase_Of_InputOutCoefficientPage" time="149.604" errors="0" timestamp="2024-04-23T09:19:57 BDT" skipped="0">
  <testcase classname="TestCase_For_InputOutputCoefficient.TestCase_Of_InputOutCoefficientPage" name="VerifyGeneratingReport" time="149.604"/>
  <system-out/>
</testsuite> <!-- TestCase_For_InputOutputCoefficient.TestCase_Of_InputOutCoefficientPage -->
