<?xml version="1.0" encoding="UTF-8"?>
<!-- Generated by org.testng.reporters.JUnitReportReporter -->
<testsuite hostname="TeamOs-PC" failures="0" tests="1" name="TestCase_For_FinishGoodsTransferPage.TestCaseOf_FinishGoodsTransferPage" time="121.432" errors="0" timestamp="2024-05-11T09:20:01 BDT" skipped="0">
  <testcase classname="TestCase_For_FinishGoodsTransferPage.TestCaseOf_FinishGoodsTransferPage" name="VerifyPDFFileInfoAfterSavingInfo" time="121.432"/>
  <system-out/>
</testsuite> <!-- TestCase_For_FinishGoodsTransferPage.TestCaseOf_FinishGoodsTransferPage -->
