<?xml version="1.0" encoding="UTF-8"?>
<!-- Generated by org.testng.reporters.JUnitReportReporter -->
<testsuite hostname="TeamOs-PC" failures="0" tests="1" name="TestCase_For_GoodsTransferReceivePage.TestCase_Of_GoodsTransferReceivePage" time="24.614" errors="0" timestamp="2024-05-11T09:29:41 BDT" skipped="0">
  <testcase classname="TestCase_For_GoodsTransferReceivePage.TestCase_Of_GoodsTransferReceivePage" name="verifyGoodsTransferReceiveIsVerified" time="24.614"/>
  <system-out/>
</testsuite> <!-- TestCase_For_GoodsTransferReceivePage.TestCase_Of_GoodsTransferReceivePage -->
