<?xml version="1.0" encoding="UTF-8"?>
<!-- Generated by org.testng.reporters.JUnitReportReporter -->
<testsuite hostname="TeamOs-PC" failures="0" tests="1" name="TestCase_For_SalesReturnPage.TestCase_Of_SalesReturnPage" time="39.799" errors="0" timestamp="2024-05-06T10:07:23 BDT" skipped="0">
  <testcase classname="TestCase_For_SalesReturnPage.TestCase_Of_SalesReturnPage" name="VerifyPdfFileInfoAfterSavingSalesReturnInfo" time="39.799"/>
  <system-out/>
</testsuite> <!-- TestCase_For_SalesReturnPage.TestCase_Of_SalesReturnPage -->
