<?xml version="1.0" encoding="UTF-8"?>
<!-- Generated by org.testng.reporters.JUnitReportReporter -->
<testsuite hostname="TeamOs-PC" failures="0" tests="1" name="VMS_Automation_TestCase_Pages.OpeningBalanceTestCase" time="33.735" errors="0" timestamp="2023-07-06T12:31:14 BDT" skipped="0">
  <testcase classname="VMS_Automation_TestCase_Pages.OpeningBalanceTestCase" name="VerifySearchedInfoEditing" time="33.735"/>
  <system-out/>
</testsuite> <!-- VMS_Automation_TestCase_Pages.OpeningBalanceTestCase -->
