<?xml version="1.0" encoding="UTF-8"?>
<!-- Generated by org.testng.reporters.JUnitReportReporter -->
<testsuite hostname="TeamOs-PC" failures="0" tests="1" name="TestCase_For_SourceVATPage.TestCase_Of_SourceVATPage" time="39.260" errors="0" timestamp="2024-05-26T11:53:15 BDT" skipped="0">
  <testcase classname="TestCase_For_SourceVATPage.TestCase_Of_SourceVATPage" name="VerifyIssueTypeChallanWithCIOnReportFile" time="39.260"/>
  <system-out/>
</testsuite> <!-- TestCase_For_SourceVATPage.TestCase_Of_SourceVATPage -->
