<?xml version="1.0" encoding="UTF-8"?>
<!-- Generated by org.testng.reporters.JUnitReportReporter -->
<testsuite hostname="TeamOs-PC" failures="0" tests="1" name="TestCase_For_ConsumptionRaw_PackingMaterials.TestCase_Of_ConsumptionRaw_PackingMaterials" time="20.707" errors="0" timestamp="2024-04-29T09:41:56 BDT" skipped="0">
  <testcase classname="TestCase_For_ConsumptionRaw_PackingMaterials.TestCase_Of_ConsumptionRaw_PackingMaterials" name="VerifySearchingValue" time="20.707"/>
  <system-out/>
</testsuite> <!-- TestCase_For_ConsumptionRaw_PackingMaterials.TestCase_Of_ConsumptionRaw_PackingMaterials -->
