<?xml version="1.0" encoding="UTF-8"?>
<!-- Generated by org.testng.reporters.JUnitReportReporter -->
<testsuite hostname="TeamOs-PC" failures="0" tests="1" name="TestCase_For_OpeningBalancePage.OpeningBalanceTestCase" time="36.294" errors="0" timestamp="2024-03-06T11:55:11 BDT" skipped="0">
  <testcase classname="TestCase_For_OpeningBalancePage.OpeningBalanceTestCase" name="OBPValueUpdateValidationInEditForm" time="36.294"/>
  <system-out/>
</testsuite> <!-- TestCase_For_OpeningBalancePage.OpeningBalanceTestCase -->
