<?xml version="1.0" encoding="UTF-8"?>
<!-- Generated by org.testng.reporters.JUnitReportReporter -->
<testsuite hostname="TeamOs-PC" failures="0" tests="1" name="SetupModuleForTestCase.TestCase_Of_BasicSetup" time="59.396" errors="0" timestamp="2024-08-19T17:22:35 BDT" skipped="0">
  <testcase classname="SetupModuleForTestCase.TestCase_Of_BasicSetup" name="VerifyEditingAndUpdatingInfoOfChildPage" time="59.396"/>
  <system-out/>
</testsuite> <!-- SetupModuleForTestCase.TestCase_Of_BasicSetup -->
